# JRE version: OpenJDK Runtime Environment (24.0+36) (build 24+36-3646)
# Java VM: OpenJDK 64-Bit Server VM (24+36-3646, mixed mode, emulated-client, sharing, tiered, compressed oops, compressed class ptrs, g1 gc, windows-amd64)
GC Precious Log:
 CardTable entry size: 512
 Card Set container configuration: InlinePtr #cards 4 size 8 Array Of Cards #cards 16 size 48 Howl #buckets 8 coarsen threshold 3686 Howl Bitmap #cards 512 size 80 coarsen threshold 460 Card regions per heap region 1 cards per card region 4096
 CPUs: 12 total, 12 available
 Memory: 14060M
 Large Page Support: Disabled
 NUMA Support: Disabled
 Compressed Oops: Enabled (Zero based)
 Heap Region Size: 2M
 Heap Min Capacity: 8M
 Heap Initial Capacity: 220M
 Heap Max Capacity: 3516M
 Pre-touch: Disabled
 Parallel Workers: 10
 Concurrent Workers: 3
 Concurrent Refinement Workers: 10
 Periodic GC: Disabled
Heap:
 garbage-first heap   total reserved 3600384K, committed 98304K, used 58990K [0x0000000724400000, 0x0000000800000000)
  region size 2048K, 16 young (32768K), 2 survivors (4096K)
 Metaspace       used 67895K, committed 68608K, reserved 1114112K
  class space    used 8094K, committed 8384K, reserved 1048576K
GC Heap History (20 events):
Event: 4.116 GC heap before
{Heap before GC invocations=7 (full 0):
 garbage-first heap   total reserved 3600384K, committed 55296K, used 27222K [0x0000000724400000, 0x0000000800000000)
  region size 2048K, 5 young (10240K), 1 survivors (2048K)
 Metaspace       used 35754K, committed 36160K, reserved 1114112K
  class space    used 4017K, committed 4224K, reserved 1048576K
}
Event: 4.120 GC heap after
{Heap after GC invocations=8 (full 0):
 garbage-first heap   total reserved 3600384K, committed 141312K, used 21357K [0x0000000724400000, 0x0000000800000000)
  region size 2048K, 1 young (2048K), 1 survivors (2048K)
 Metaspace       used 35754K, committed 36160K, reserved 1114112K
  class space    used 4017K, committed 4224K, reserved 1048576K
}
Event: 5.287 GC heap before
{Heap before GC invocations=9 (full 0):
 garbage-first heap   total reserved 3600384K, committed 75776K, used 62317K [0x0000000724400000, 0x0000000800000000)
  region size 2048K, 22 young (45056K), 1 survivors (2048K)
 Metaspace       used 46228K, committed 46656K, reserved 1114112K
  class space    used 5063K, committed 5248K, reserved 1048576K
}
Event: 5.294 GC heap after
{Heap after GC invocations=10 (full 0):
 garbage-first heap   total reserved 3600384K, committed 75776K, used 24083K [0x0000000724400000, 0x0000000800000000)
  region size 2048K, 3 young (6144K), 3 survivors (6144K)
 Metaspace       used 46228K, committed 46656K, reserved 1114112K
  class space    used 5063K, committed 5248K, reserved 1048576K
}
Event: 6.107 GC heap before
{Heap before GC invocations=10 (full 0):
 garbage-first heap   total reserved 3600384K, committed 75776K, used 60947K [0x0000000724400000, 0x0000000800000000)
  region size 2048K, 21 young (43008K), 3 survivors (6144K)
 Metaspace       used 53285K, committed 53824K, reserved 1114112K
  class space    used 5965K, committed 6208K, reserved 1048576K
}
Event: 6.115 GC heap after
{Heap after GC invocations=11 (full 0):
 garbage-first heap   total reserved 3600384K, committed 75776K, used 25533K [0x0000000724400000, 0x0000000800000000)
  region size 2048K, 3 young (6144K), 3 survivors (6144K)
 Metaspace       used 53285K, committed 53824K, reserved 1114112K
  class space    used 5965K, committed 6208K, reserved 1048576K
}
Event: 7.894 GC heap before
{Heap before GC invocations=11 (full 0):
 garbage-first heap   total reserved 3600384K, committed 75776K, used 60349K [0x0000000724400000, 0x0000000800000000)
  region size 2048K, 20 young (40960K), 3 survivors (6144K)
 Metaspace       used 58193K, committed 58752K, reserved 1114112K
  class space    used 6557K, committed 6784K, reserved 1048576K
}
Event: 7.905 GC heap after
{Heap after GC invocations=12 (full 0):
 garbage-first heap   total reserved 3600384K, committed 75776K, used 29184K [0x0000000724400000, 0x0000000800000000)
  region size 2048K, 3 young (6144K), 3 survivors (6144K)
 Metaspace       used 58193K, committed 58752K, reserved 1114112K
  class space    used 6557K, committed 6784K, reserved 1048576K
}
Event: 8.124 GC heap before
{Heap before GC invocations=12 (full 0):
 garbage-first heap   total reserved 3600384K, committed 75776K, used 39424K [0x0000000724400000, 0x0000000800000000)
  region size 2048K, 10 young (20480K), 3 survivors (6144K)
 Metaspace       used 60110K, committed 60608K, reserved 1114112K
  class space    used 6759K, committed 6976K, reserved 1048576K
}
Event: 8.133 GC heap after
{Heap after GC invocations=13 (full 0):
 garbage-first heap   total reserved 3600384K, committed 75776K, used 29989K [0x0000000724400000, 0x0000000800000000)
  region size 2048K, 1 young (2048K), 1 survivors (2048K)
 Metaspace       used 60110K, committed 60608K, reserved 1114112K
  class space    used 6759K, committed 6976K, reserved 1048576K
}
Event: 8.507 GC heap before
{Heap before GC invocations=14 (full 0):
 garbage-first heap   total reserved 3600384K, committed 75776K, used 62757K [0x0000000724400000, 0x0000000800000000)
  region size 2048K, 17 young (34816K), 1 survivors (2048K)
 Metaspace       used 62300K, committed 62848K, reserved 1114112K
  class space    used 7268K, committed 7488K, reserved 1048576K
}
Event: 8.513 GC heap after
{Heap after GC invocations=15 (full 0):
 garbage-first heap   total reserved 3600384K, committed 75776K, used 31745K [0x0000000724400000, 0x0000000800000000)
  region size 2048K, 2 young (4096K), 2 survivors (4096K)
 Metaspace       used 62300K, committed 62848K, reserved 1114112K
  class space    used 7268K, committed 7488K, reserved 1048576K
}
Event: 8.632 GC heap before
{Heap before GC invocations=15 (full 0):
 garbage-first heap   total reserved 3600384K, committed 75776K, used 60417K [0x0000000724400000, 0x0000000800000000)
  region size 2048K, 17 young (34816K), 2 survivors (4096K)
 Metaspace       used 62969K, committed 63552K, reserved 1114112K
  class space    used 7325K, committed 7552K, reserved 1048576K
}
Event: 8.641 GC heap after
{Heap after GC invocations=16 (full 0):
 garbage-first heap   total reserved 3600384K, committed 75776K, used 31192K [0x0000000724400000, 0x0000000800000000)
  region size 2048K, 2 young (4096K), 2 survivors (4096K)
 Metaspace       used 62969K, committed 63552K, reserved 1114112K
  class space    used 7325K, committed 7552K, reserved 1048576K
}
Event: 8.819 GC heap before
{Heap before GC invocations=16 (full 0):
 garbage-first heap   total reserved 3600384K, committed 75776K, used 63960K [0x0000000724400000, 0x0000000800000000)
  region size 2048K, 18 young (36864K), 2 survivors (4096K)
 Metaspace       used 64076K, committed 64640K, reserved 1114112K
  class space    used 7652K, committed 7872K, reserved 1048576K
}
Event: 8.825 GC heap after
{Heap after GC invocations=17 (full 0):
 garbage-first heap   total reserved 3600384K, committed 75776K, used 32177K [0x0000000724400000, 0x0000000800000000)
  region size 2048K, 2 young (4096K), 2 survivors (4096K)
 Metaspace       used 64076K, committed 64640K, reserved 1114112K
  class space    used 7652K, committed 7872K, reserved 1048576K
}
Event: 8.894 GC heap before
{Heap before GC invocations=17 (full 0):
 garbage-first heap   total reserved 3600384K, committed 75776K, used 64945K [0x0000000724400000, 0x0000000800000000)
  region size 2048K, 18 young (36864K), 2 survivors (4096K)
 Metaspace       used 64078K, committed 64640K, reserved 1114112K
  class space    used 7652K, committed 7872K, reserved 1048576K
}
Event: 8.902 GC heap after
{Heap after GC invocations=18 (full 0):
 garbage-first heap   total reserved 3600384K, committed 98304K, used 34589K [0x0000000724400000, 0x0000000800000000)
  region size 2048K, 3 young (6144K), 3 survivors (6144K)
 Metaspace       used 64078K, committed 64640K, reserved 1114112K
  class space    used 7652K, committed 7872K, reserved 1048576K
}
Event: 9.325 GC heap before
{Heap before GC invocations=19 (full 0):
 garbage-first heap   total reserved 3600384K, committed 98304K, used 81693K [0x0000000724400000, 0x0000000800000000)
  region size 2048K, 27 young (55296K), 3 survivors (6144K)
 Metaspace       used 66075K, committed 66688K, reserved 1114112K
  class space    used 7869K, committed 8128K, reserved 1048576K
}
Event: 9.333 GC heap after
{Heap after GC invocations=20 (full 0):
 garbage-first heap   total reserved 3600384K, committed 98304K, used 34414K [0x0000000724400000, 0x0000000800000000)
  region size 2048K, 2 young (4096K), 2 survivors (4096K)
 Metaspace       used 66075K, committed 66688K, reserved 1114112K
  class space    used 7869K, committed 8128K, reserved 1048576K
}

